<?xml version="1.0" encoding="UTF-8"?>
<robot generator="Robot 3.2.2 (Python 3.9.0 on win32)" generated="20201208 21:46:40.349" rpa="false">
<suite id="s1" name="Rf Test Cases" source="C:\Users\oliver.uhlar\Desktop\Projects\postman_wamp\rf_test_cases.robot">
<kw name="Start all" type="setup">
<kw name="Evaluate" library="BuiltIn">
<doc>Evaluates the given expression in Python and returns the result.</doc>
<arguments>
<arg>sys.modules['selenium.webdriver'].ChromeOptions()</arg>
<arg>sys, selenium.webdriver</arg>
</arguments>
<assign>
<var>${chrome options}</var>
</assign>
<msg timestamp="20201208 21:46:40.611" level="INFO">${chrome options} = &lt;selenium.webdriver.chrome.options.Options object at 0x000001427379F640&gt;</msg>
<status status="PASS" starttime="20201208 21:46:40.611" endtime="20201208 21:46:40.611"></status>
</kw>
<kw name="Call Method" library="BuiltIn">
<doc>Calls the named method of the given object with the provided arguments.</doc>
<arguments>
<arg>${ChromeOptions}</arg>
<arg>add_extension</arg>
<arg>lhobafahddgcelffkeicbaginigeejlf.crx</arg>
</arguments>
<status status="PASS" starttime="20201208 21:46:40.611" endtime="20201208 21:46:40.611"></status>
</kw>
<kw name="Call Method" library="BuiltIn">
<doc>Calls the named method of the given object with the provided arguments.</doc>
<arguments>
<arg>${ChromeOptions}</arg>
<arg>to_capabilities</arg>
</arguments>
<assign>
<var>${Options}</var>
</assign>
<msg timestamp="20201208 21:46:40.612" level="INFO">${Options} = {'browserName': 'chrome', 'version': '', 'platform': 'ANY', 'goog:chromeOptions': {'extensions': ['Q3IyNAMAAAAcBQAAEqwECqYCMIIBIjANBgkqhkiG9w0BAQEFAAOCAQ8AMIIBCgKCAQEAj/u/XDdjlDyw7gHEtaaasZ9GdG8WOKAyJ...</msg>
<status status="PASS" starttime="20201208 21:46:40.611" endtime="20201208 21:46:40.612"></status>
</kw>
<kw name="Open Browser" library="SeleniumLibrary">
<doc>Opens a new browser instance to the optional ``url``.</doc>
<arguments>
<arg>https://www.postman.com/</arg>
<arg>Chrome</arg>
<arg>desired_capabilities=${Options}</arg>
</arguments>
<msg timestamp="20201208 21:46:40.612" level="INFO">Opening browser 'Chrome' to base url 'https://www.postman.com/'.</msg>
<status status="PASS" starttime="20201208 21:46:40.612" endtime="20201208 21:46:50.372"></status>
</kw>
<kw name="Press Key" library="SeleniumLibrary">
<doc>*DEPRECATED in SeleniumLibrary 4.0.* use `Press Keys` instead.</doc>
<arguments>
<arg>None</arg>
<arg>CTRL+T</arg>
</arguments>
<msg timestamp="20201208 21:46:50.373" level="WARN">Keyword 'SeleniumLibrary.Press Key' is deprecated. use `Press Keys` instead.</msg>
<kw name="Capture Page Screenshot" library="SeleniumLibrary">
<doc>Takes a screenshot of the current page and embeds it into a log file.</doc>
<msg timestamp="20201208 21:46:50.735" level="INFO" html="yes">&lt;/td&gt;&lt;/tr&gt;&lt;tr&gt;&lt;td colspan="3"&gt;&lt;a href="selenium-screenshot-11.png"&gt;&lt;img src="selenium-screenshot-11.png" width="800px"&gt;&lt;/a&gt;</msg>
<status status="PASS" starttime="20201208 21:46:50.388" endtime="20201208 21:46:50.735"></status>
</kw>
<msg timestamp="20201208 21:46:50.736" level="FAIL">Element with locator 'None' not found.</msg>
<status status="FAIL" starttime="20201208 21:46:50.372" endtime="20201208 21:46:50.736"></status>
</kw>
<status status="FAIL" starttime="20201208 21:46:40.610" endtime="20201208 21:46:50.736"></status>
</kw>
<test id="s1-t1" name="Test POST">
<status status="FAIL" starttime="20201208 21:46:50.736" endtime="20201208 21:46:50.740" critical="yes">Parent suite setup failed:
Element with locator 'None' not found.</status>
</test>
<kw name="Teardown all" type="teardown">
<kw name="Terminate All Processes" library="Process">
<doc>Terminates all still running processes started by this library.</doc>
<arguments>
<arg>kill=False</arg>
</arguments>
<status status="PASS" starttime="20201208 21:46:50.751" endtime="20201208 21:46:50.753"></status>
</kw>
<status status="PASS" starttime="20201208 21:46:50.751" endtime="20201208 21:46:50.753"></status>
</kw>
<status status="FAIL" starttime="20201208 21:46:40.352" endtime="20201208 21:46:50.753">Suite setup failed:
Element with locator 'None' not found.</status>
</suite>
<statistics>
<total>
<stat pass="0" fail="1">Critical Tests</stat>
<stat pass="0" fail="1">All Tests</stat>
</total>
<tag>
</tag>
<suite>
<stat pass="0" fail="1" id="s1" name="Rf Test Cases">Rf Test Cases</stat>
</suite>
</statistics>
<errors>
<msg timestamp="20201208 21:46:40.598" level="ERROR">Error in file 'C:\Users\oliver.uhlar\Desktop\Projects\postman_wamp\rf_test_cases.robot' on line 5: Importing test library 'Selenium2Library' failed: ModuleNotFoundError: No module named 'Selenium2Library'
Traceback (most recent call last):
  None
PYTHONPATH:
  C:\Users\oliver.uhlar\Desktop\Projects\postman_wamp\venv\Scripts\robot.exe
  C:\Python\python39.zip
  C:\Python\DLLs
  C:\Python\lib
  C:\Python
  c:\users\oliver.uhlar\desktop\projects\postman_wamp\venv
  c:\users\oliver.uhlar\desktop\projects\postman_wamp\venv\lib\site-packages</msg>
<msg timestamp="20201208 21:46:50.373" level="WARN">Keyword 'SeleniumLibrary.Press Key' is deprecated. use `Press Keys` instead.</msg>
</errors>
</robot>
